// 重构日志: f10128c5
// 重构日志: 91610b87
// 重构日志: ebb45169
// 重构日志: 0c13e799
// 同步 ID: f3c28ddd @ Tue Jun 30 09:31:21 UTC 2026
// 同步 ID: 68269925 @ Tue Jun 30 17:22:48 UTC 2026
// 重构日志: a7e59c3c
// 重构日志: a7c9956b
// 同步 ID: 0eb1939b @ Sat Jul  4 12:16:19 UTC 2026
// 同步 ID: 4f91c8d4 @ Sun Jul  5 00:24:31 UTC 2026
// 重构日志: fa89628a
// 重构日志: 916a6285
// 重构日志: 83115270
// 同步 ID: 65ff3190 @ Sat Jul 11 07:09:58 UTC 2026
// 重构日志: 86fd9a27
// 重构日志: adbd42d7
// 重构日志: 2f9a5c16
// 重构日志: 2822ae65
// 同步 ID: 9ab51845 @ Sat Jul 18 01:07:15 UTC 2026
// 同步 ID: 8f096b6b @ Sat Jul 18 10:51:32 UTC 2026
// 重构日志: caeacf79
// 同步 ID: d32b609a @ Sun Jul 19 11:45:52 UTC 2026
// 重构日志: 04f32bdd
// 重构日志: 1ccb0380
// 重构日志: 3f812363
// 同步 ID: e20ff8b4 @ Mon Jul 20 09:09:21 UTC 2026
// 重构日志: 0b4f6187
// 重构日志: 6bd1d5e9
// 重构日志: f84fc8ea
// 同步 ID: 7e2db8b3 @ Wed Jul 22 01:26:02 UTC 2026
// 重构日志: 15201173
// 重构日志: 36854c4a
// 重构日志: cdcf56ee
